0 verbose cli C:\Program Files\node.exe C:\Program Files\node_modules\npm\bin\npm-cli.js
1 info using npm@10.9.2
2 info using node@v22.14.0
3 silly config load:file:C:\Program Files\node_modules\npm\npmrc
4 silly config load:file:C:\Users\Usuário\Documents\EBAC\python\Automatize tarefas com Grunt\Grunt\.npmrc
5 silly config load:file:C:\Users\Usuário\.npmrc
6 silly config load:file:C:\Users\Usuário\AppData\Roaming\npm\etc\npmrc
7 verbose title npm install grunt-contrib-uglifly
8 verbose argv "install" "--save-dev" "grunt-contrib-uglifly"
9 verbose logfile logs-max:10 dir:C:\Users\Usuário\Documents\EBAC\python\Automatize tarefas com Grunt\Grunt\UsersDESKTOP-U9J66QUAppDataLocalnpm-cache\_logs\2025-03-08T21_19_24_677Z-
10 verbose logfile C:\Users\Usuário\Documents\EBAC\python\Automatize tarefas com Grunt\Grunt\UsersDESKTOP-U9J66QUAppDataLocalnpm-cache\_logs\2025-03-08T21_19_24_677Z-debug-0.log
11 silly logfile start cleaning logs, removing 1 files
12 silly packumentCache heap:4345298944 maxSize:1086324736 maxEntrySize:543162368
13 silly logfile done cleaning log files
14 silly idealTree buildDeps
15 silly fetch manifest grunt-contrib-uglifly@*
16 silly packumentCache full:https://registry.npmjs.org/grunt-contrib-uglifly cache-miss
17 http fetch GET 404 https://registry.npmjs.org/grunt-contrib-uglifly 1048ms (cache skip)
18 silly placeDep ROOT grunt-contrib-uglifly@ OK for: grunt@1.0.0 want: *
19 verbose stack HttpErrorGeneral: 404 Not Found - GET https://registry.npmjs.org/grunt-contrib-uglifly - Not found
19 verbose stack     at C:\Program Files\node_modules\npm\node_modules\npm-registry-fetch\lib\check-response.js:103:15
19 verbose stack     at process.processTicksAndRejections (node:internal/process/task_queues:105:5)
19 verbose stack     at async RegistryFetcher.packument (C:\Program Files\node_modules\npm\node_modules\pacote\lib\registry.js:90:19)
19 verbose stack     at async RegistryFetcher.manifest (C:\Program Files\node_modules\npm\node_modules\pacote\lib\registry.js:128:23)
19 verbose stack     at async #fetchManifest (C:\Program Files\node_modules\npm\node_modules\@npmcli\arborist\lib\arborist\build-ideal-tree.js:1202:20)
19 verbose stack     at async #nodeFromEdge (C:\Program Files\node_modules\npm\node_modules\@npmcli\arborist\lib\arborist\build-ideal-tree.js:1040:19)
19 verbose stack     at async #buildDepStep (C:\Program Files\node_modules\npm\node_modules\@npmcli\arborist\lib\arborist\build-ideal-tree.js:904:11)
19 verbose stack     at async Arborist.buildIdealTree (C:\Program Files\node_modules\npm\node_modules\@npmcli\arborist\lib\arborist\build-ideal-tree.js:181:7)
19 verbose stack     at async Promise.all (index 1)
19 verbose stack     at async Arborist.reify (C:\Program Files\node_modules\npm\node_modules\@npmcli\arborist\lib\arborist\reify.js:131:5)
20 verbose statusCode 404
21 verbose pkgid grunt-contrib-uglifly@*
22 error code E404
23 error 404 Not Found - GET https://registry.npmjs.org/grunt-contrib-uglifly - Not found
24 error 404
25 error 404  'grunt-contrib-uglifly@*' is not in this registry.
26 error 404
27 error 404 Note that you can also install from a
28 error 404 tarball, folder, http url, or git url.
29 silly unfinished npm timer reify 1741468765448
30 silly unfinished npm timer reify:loadTrees 1741468765452
31 verbose cwd C:\Users\Usuário\Documents\EBAC\python\Automatize tarefas com Grunt\Grunt
32 verbose os Windows_NT 10.0.19045
33 verbose node v22.14.0
34 verbose npm  v10.9.2
35 verbose exit 1
36 verbose code 1
37 error A complete log of this run can be found in: C:\Users\Usuário\Documents\EBAC\python\Automatize tarefas com Grunt\Grunt\UsersDESKTOP-U9J66QUAppDataLocalnpm-cache\_logs\2025-03-08T21_19_24_677Z-debug-0.log
